<?xml version="1.0" encoding="UTF-8"?>
<testng-results ignored="0" total="1" passed="1" failed="0" skipped="0">
  <reporter-output>
  </reporter-output>
  <suite started-at="2024-07-25T22:02:28 IST" name="Default suite" finished-at="2024-07-25T22:02:39 IST" duration-ms="10886">
    <groups>
    </groups>
    <test started-at="2024-07-25T22:02:28 IST" name="Default test" finished-at="2024-07-25T22:02:39 IST" duration-ms="10886">
      <class name="test.AmazonArrayListUsage">
        <test-method signature="Test()[pri:0, instance:test.AmazonArrayListUsage@723ca036]" started-at="2024-07-25T22:02:28 IST" name="Test" finished-at="2024-07-25T22:02:39 IST" duration-ms="10792" status="PASS">
          <reporter-output>
          </reporter-output>
        </test-method> <!-- Test -->
      </class> <!-- test.AmazonArrayListUsage -->
    </test> <!-- Default test -->
  </suite> <!-- Default suite -->
</testng-results>
